
--------------------------------------------------
TXLib соболезнует...

Программа: C:\Users\Admin\Desktop\Stack\EXE\assembler.exe, файл: ASSEMBLER/assemblerFunctions.cpp, строка: 190, функция: void writeTextByteCode(int*, const char*),

Сообщение: ВНЕЗАПНО: Логическая ошибка: Неверно, что "codeBuffer".

#1: TXLib [Ver: 00173a, Rev: 174, Date: 2025-08-03 17:59:06 +0400], Instance: 0x005081DC (32-bit), Flags: Cmdre0, Thread: 0x1950 (Main). 

--------------------------------------------------
Стек вызовов:

# 0 0x0042E390 in C:\Users\Admin\Desktop\Stack\EXE\assembler.exe: writeTextByteCode() at C:/Users/Admin/Desktop/Stack/ASSEMBLER/assemblerFunctions.cpp:190:

    188: 
    189: void writeTextByteCode (int* codeBuffer, const char* nameOfFile) {
=>  190:     assert(codeBuffer);
    191:     assert(nameOfFile);
    192: 

# 1 0x0040145E in C:\Users\Admin\Desktop\Stack\EXE\assembler.exe: main() at C:/Users/Admin/Desktop/Stack/ASSEMBLER/mainAssembler.cpp:20:

     18:     size_t numOfBufferElements = commandRewriter (&Cmd, commandBuffer, inputFile);
     19: 
=>   20:     writeTextByteCode(commandBuffer, outputTextFile);
     21: 
     22: }

--------------------------------------------------
Developed with:

The Dumb Artist Library (TX Library)
TXLib [Ver: 00173a, Rev: 174, Date: 2025-08-03 17:59:06 +0400]
Copyright (C) Ded (Ilya Dedinsky, http://txlib.ru) <mail@txlib.ru>
See license on: http://txlib.ru

TXLib file:	c:\users\admin\downloads\codeblocks\mingw\include\txlib.h
Compiled:	Oct  2 2025 20:47:42, GNU g++ 4.8.1, std=201103L, MinGW Runtime 3.20, 32-bit, DEBUG
Started:	Oct 02 2025 20:48:32

Run file:	C:\Users\Admin\Desktop\Stack\EXE\assembler.exe
Directory:	C:\Users\Admin\Desktop\Stack

--------------------------------------------------

--------------------------------------------------
TXLib соболезнует...

Программа: C:\Users\Admin\Desktop\Stack\EXE\assembler.exe, файл: ASSEMBLER/assemblerFunctions.cpp, строка: 189, функция: void writeTextByteCode(int*, const char*),

Сообщение: ВНЕЗАПНО: Логическая ошибка: Неверно, что "codeBuffer".

#1: TXLib [Ver: 00173a, Rev: 174, Date: 2025-08-03 17:59:06 +0400], Instance: 0x005081DC (32-bit), Flags: Cmdre0, Thread: 0x20D4 (Main). 

--------------------------------------------------
Стек вызовов:

# 0 0x0042E3B6 in C:\Users\Admin\Desktop\Stack\EXE\assembler.exe: writeTextByteCode() at C:/Users/Admin/Desktop/Stack/ASSEMBLER/assemblerFunctions.cpp:189:

    187: 
    188: void writeTextByteCode (int* codeBuffer, const char* nameOfFile) {
=>  189:     assert(codeBuffer);
    190:     assert(nameOfFile);
    191: 

# 1 0x00401466 in C:\Users\Admin\Desktop\Stack\EXE\assembler.exe: main() at C:/Users/Admin/Desktop/Stack/ASSEMBLER/mainAssembler.cpp:21:

     19:     int* commandBuffer = commandRewriter (&Cmd, &numOfBufferElements, inputFile);
     20: 
=>   21:     writeTextByteCode(commandBuffer, outputTextFile);
     22: 
     23:     writeBinByteCode(commandBuffer, numOfBufferElements, outputBinFile);

--------------------------------------------------
Developed with:

The Dumb Artist Library (TX Library)
TXLib [Ver: 00173a, Rev: 174, Date: 2025-08-03 17:59:06 +0400]
Copyright (C) Ded (Ilya Dedinsky, http://txlib.ru) <mail@txlib.ru>
See license on: http://txlib.ru

TXLib file:	c:\users\admin\downloads\codeblocks\mingw\include\txlib.h
Compiled:	Oct  3 2025 00:40:49, GNU g++ 4.8.1, std=201103L, MinGW Runtime 3.20, 32-bit, DEBUG
Started:	Oct 03 2025 00:40:54

Run file:	C:\Users\Admin\Desktop\Stack\EXE\assembler.exe
Directory:	C:\Users\Admin\Desktop\Stack

--------------------------------------------------

--------------------------------------------------
TXLib соболезнует...

Программа: C:\Users\Admin\Desktop\Stack\EXE\assembler.exe, файл: ASSEMBLER/assemblerFunctions.cpp, строка: 189, функция: void writeTextByteCode(int*, const char*),

Сообщение: ВНЕЗАПНО: Логическая ошибка: Неверно, что "codeBuffer".

#1: TXLib [Ver: 00173a, Rev: 174, Date: 2025-08-03 17:59:06 +0400], Instance: 0x005081DC (32-bit), Flags: Cmdre0, Thread: 0x441C (Main). 

--------------------------------------------------
Стек вызовов:

# 0 0x0042E3B6 in C:\Users\Admin\Desktop\Stack\EXE\assembler.exe: writeTextByteCode() at C:/Users/Admin/Desktop/Stack/ASSEMBLER/assemblerFunctions.cpp:189:

    187: 
    188: void writeTextByteCode (int* codeBuffer, const char* nameOfFile) {
=>  189:     assert(codeBuffer);
    190:     assert(nameOfFile);
    191: 

# 1 0x00401466 in C:\Users\Admin\Desktop\Stack\EXE\assembler.exe: main() at C:/Users/Admin/Desktop/Stack/ASSEMBLER/mainAssembler.cpp:21:

     19:     int* commandBuffer = commandRewriter (&Cmd, &numOfBufferElements, inputFile);
     20: 
=>   21:     writeTextByteCode(commandBuffer, outputTextFile);
     22: 
     23:     writeBinByteCode(commandBuffer, numOfBufferElements, outputBinFile);

--------------------------------------------------
Developed with:

The Dumb Artist Library (TX Library)
TXLib [Ver: 00173a, Rev: 174, Date: 2025-08-03 17:59:06 +0400]
Copyright (C) Ded (Ilya Dedinsky, http://txlib.ru) <mail@txlib.ru>
See license on: http://txlib.ru

TXLib file:	c:\users\admin\downloads\codeblocks\mingw\include\txlib.h
Compiled:	Oct  3 2025 00:43:14, GNU g++ 4.8.1, std=201103L, MinGW Runtime 3.20, 32-bit, DEBUG
Started:	Oct 03 2025 00:43:18

Run file:	C:\Users\Admin\Desktop\Stack\EXE\assembler.exe
Directory:	C:\Users\Admin\Desktop\Stack

--------------------------------------------------

--------------------------------------------------
TXLib соболезнует...

Программа: C:\Users\Admin\Desktop\Stack\EXE\assembler.exe, файл: ASSEMBLER/assemblerFunctions.cpp, строка: 189, функция: void writeTextByteCode(int*, const char*),

Сообщение: ВНЕЗАПНО: Логическая ошибка: Неверно, что "codeBuffer".

#1: TXLib [Ver: 00173a, Rev: 174, Date: 2025-08-03 17:59:06 +0400], Instance: 0x005081DC (32-bit), Flags: Cmdre0, Thread: 0x6074 (Main). 

--------------------------------------------------
Стек вызовов:

# 0 0x0042E3B6 in C:\Users\Admin\Desktop\Stack\EXE\assembler.exe: writeTextByteCode() at C:/Users/Admin/Desktop/Stack/ASSEMBLER/assemblerFunctions.cpp:189:

    187: 
    188: void writeTextByteCode (int* codeBuffer, const char* nameOfFile) {
=>  189:     assert(codeBuffer);
    190:     assert(nameOfFile);
    191: 

# 1 0x00401466 in C:\Users\Admin\Desktop\Stack\EXE\assembler.exe: main() at C:/Users/Admin/Desktop/Stack/ASSEMBLER/mainAssembler.cpp:21:

     19:     int* commandBuffer = commandRewriter (&Cmd, &numOfBufferElements, inputFile);
     20: 
=>   21:     writeTextByteCode(commandBuffer, outputTextFile);
     22: 
     23:     writeBinByteCode(commandBuffer, numOfBufferElements, outputBinFile);

--------------------------------------------------
Developed with:

The Dumb Artist Library (TX Library)
TXLib [Ver: 00173a, Rev: 174, Date: 2025-08-03 17:59:06 +0400]
Copyright (C) Ded (Ilya Dedinsky, http://txlib.ru) <mail@txlib.ru>
See license on: http://txlib.ru

TXLib file:	c:\users\admin\downloads\codeblocks\mingw\include\txlib.h
Compiled:	Oct  3 2025 00:43:14, GNU g++ 4.8.1, std=201103L, MinGW Runtime 3.20, 32-bit, DEBUG
Started:	Oct 03 2025 00:46:02

Run file:	C:\Users\Admin\Desktop\Stack\EXE\assembler.exe
Directory:	C:\Users\Admin\Desktop\Stack

--------------------------------------------------

--------------------------------------------------
TXLib соболезнует...

Программа: C:\Users\Admin\Desktop\Stack\EXE\assembler.exe, файл: ASSEMBLER/assemblerFunctions.cpp, строка: 191, функция: void writeTextByteCode(int*, const char*),

Сообщение: ВНЕЗАПНО: Логическая ошибка: Неверно, что "codeBuffer".

#1: TXLib [Ver: 00173a, Rev: 174, Date: 2025-08-03 17:59:06 +0400], Instance: 0x005081DC (32-bit), Flags: Cmdre0, Thread: 0x2488 (Main). 

--------------------------------------------------
Стек вызовов:

# 0 0x0042E3D3 in C:\Users\Admin\Desktop\Stack\EXE\assembler.exe: writeTextByteCode() at C:/Users/Admin/Desktop/Stack/ASSEMBLER/assemblerFunctions.cpp:191:

    189: 
    190: void writeTextByteCode (int* codeBuffer, const char* nameOfFile) {
=>  191:     assert(codeBuffer);
    192:     assert(nameOfFile);
    193: 

# 1 0x00401466 in C:\Users\Admin\Desktop\Stack\EXE\assembler.exe: main() at C:/Users/Admin/Desktop/Stack/ASSEMBLER/mainAssembler.cpp:21:

     19:     int* commandBuffer = commandRewriter (&Cmd, &numOfBufferElements, inputFile);
     20: 
=>   21:     writeTextByteCode(commandBuffer, outputTextFile);
     22: 
     23:     writeBinByteCode(commandBuffer, numOfBufferElements, outputBinFile);

--------------------------------------------------
Developed with:

The Dumb Artist Library (TX Library)
TXLib [Ver: 00173a, Rev: 174, Date: 2025-08-03 17:59:06 +0400]
Copyright (C) Ded (Ilya Dedinsky, http://txlib.ru) <mail@txlib.ru>
See license on: http://txlib.ru

TXLib file:	c:\users\admin\downloads\codeblocks\mingw\include\txlib.h
Compiled:	Oct  3 2025 00:51:01, GNU g++ 4.8.1, std=201103L, MinGW Runtime 3.20, 32-bit, DEBUG
Started:	Oct 03 2025 00:51:06

Run file:	C:\Users\Admin\Desktop\Stack\EXE\assembler.exe
Directory:	C:\Users\Admin\Desktop\Stack

--------------------------------------------------

--------------------------------------------------
TXLib соболезнует...

Программа: C:\Users\Admin\Desktop\Stack\EXE\assembler.exe, файл: ASSEMBLER/assemblerFunctions.cpp, строка: 189, функция: void writeTextByteCode(int*, const char*),

Сообщение: ВНЕЗАПНО: Логическая ошибка: Неверно, что "codeBuffer".

#1: TXLib [Ver: 00173a, Rev: 174, Date: 2025-08-03 17:59:06 +0400], Instance: 0x005081DC (32-bit), Flags: Cmdre0, Thread: 0x5494 (Main). 

--------------------------------------------------
Стек вызовов:

# 0 0x0042E3B9 in C:\Users\Admin\Desktop\Stack\EXE\assembler.exe: writeTextByteCode() at C:/Users/Admin/Desktop/Stack/ASSEMBLER/assemblerFunctions.cpp:189:

    187: 
    188: void writeTextByteCode (int* codeBuffer, const char* nameOfFile) {
=>  189:     assert(codeBuffer);
    190:     assert(nameOfFile);
    191: 

# 1 0x00401466 in C:\Users\Admin\Desktop\Stack\EXE\assembler.exe: main() at C:/Users/Admin/Desktop/Stack/ASSEMBLER/mainAssembler.cpp:21:

     19:     int* commandBuffer = commandRewriter (&Cmd, &numOfBufferElements, inputFile);
     20: 
=>   21:     writeTextByteCode(commandBuffer, outputTextFile);
     22: 
     23:     writeBinByteCode(commandBuffer, numOfBufferElements, outputBinFile);

--------------------------------------------------
Developed with:

The Dumb Artist Library (TX Library)
TXLib [Ver: 00173a, Rev: 174, Date: 2025-08-03 17:59:06 +0400]
Copyright (C) Ded (Ilya Dedinsky, http://txlib.ru) <mail@txlib.ru>
See license on: http://txlib.ru

TXLib file:	c:\users\admin\downloads\codeblocks\mingw\include\txlib.h
Compiled:	Oct  3 2025 00:54:54, GNU g++ 4.8.1, std=201103L, MinGW Runtime 3.20, 32-bit, DEBUG
Started:	Oct 03 2025 00:56:03

Run file:	C:\Users\Admin\Desktop\Stack\EXE\assembler.exe
Directory:	C:\Users\Admin\Desktop\Stack

--------------------------------------------------

--------------------------------------------------
TXLib соболезнует...

Программа: C:\Users\Admin\Desktop\Stack\EXE\assembler.exe, файл: ASSEMBLER/assemblerFunctions.cpp, строка: 219, функция: void writeTextByteCode(int*, const char*),

Сообщение: ВНЕЗАПНО: Логическая ошибка: Неверно, что "codeBuffer".

#1: TXLib [Ver: 00173a, Rev: 174, Date: 2025-08-03 17:59:06 +0400], Instance: 0x005091DC (32-bit), Flags: Cmdre0, Thread: 0x4CB0 (Main). 

--------------------------------------------------
Стек вызовов:

# 0 0x0042E58A in C:\Users\Admin\Desktop\Stack\EXE\assembler.exe: writeTextByteCode() at C:/Users/Admin/Desktop/Stack/ASSEMBLER/assemblerFunctions.cpp:219:

    217: 
    218: void writeTextByteCode (int* codeBuffer, const char* nameOfFile) {
=>  219:     assert(codeBuffer);
    220:     assert(nameOfFile);
    221: 

# 1 0x00401496 in C:\Users\Admin\Desktop\Stack\EXE\assembler.exe: main() at C:/Users/Admin/Desktop/Stack/ASSEMBLER/mainAssembler.cpp:24:

     22:     int* commandBuffer = commandRewriter (&Cmd, &numOfBufferElements, inputFile);
     23: 
=>   24:     writeTextByteCode(commandBuffer, outputTextFile);
     25:     writeBinByteCode(commandBuffer, numOfBufferElements, outputBinFile);
     26: 

--------------------------------------------------
Developed with:

The Dumb Artist Library (TX Library)
TXLib [Ver: 00173a, Rev: 174, Date: 2025-08-03 17:59:06 +0400]
Copyright (C) Ded (Ilya Dedinsky, http://txlib.ru) <mail@txlib.ru>
See license on: http://txlib.ru

TXLib file:	c:\users\admin\downloads\codeblocks\mingw\include\txlib.h
Compiled:	Oct  4 2025 15:19:11, GNU g++ 4.8.1, std=201103L, MinGW Runtime 3.20, 32-bit, DEBUG
Started:	Oct 04 2025 15:19:15

Run file:	C:\Users\Admin\Desktop\Stack\EXE\assembler.exe
Directory:	C:\Users\Admin\Desktop\Stack

--------------------------------------------------

--------------------------------------------------
TXLib соболезнует...

Программа: C:\Users\Admin\Desktop\Stack\EXE\assembler.exe, файл: ASSEMBLER/assemblerFunctions.cpp, строка: 236, функция: void writeTextByteCode(int*, const char*),

Сообщение: ВНЕЗАПНО: Логическая ошибка: Неверно, что "codeBuffer".

#1: TXLib [Ver: 00173a, Rev: 174, Date: 2025-08-03 17:59:06 +0400], Instance: 0x005091DC (32-bit), Flags: Cmdre0, Thread: 0x3448 (Main). 

--------------------------------------------------
Стек вызовов:

# 0 0x0042E64E in C:\Users\Admin\Desktop\Stack\EXE\assembler.exe: writeTextByteCode() at C:/Users/Admin/Desktop/Stack/ASSEMBLER/assemblerFunctions.cpp:236:

    234: 
    235: void writeTextByteCode (int* codeBuffer, const char* nameOfFile) {
=>  236:     assert(codeBuffer);
    237:     assert(nameOfFile);
    238: 

# 1 0x00401496 in C:\Users\Admin\Desktop\Stack\EXE\assembler.exe: main() at C:/Users/Admin/Desktop/Stack/ASSEMBLER/mainAssembler.cpp:24:

     22:     int* commandBuffer = commandRewriter (&Cmd, &numOfBufferElements, inputFile);
     23: 
=>   24:     writeTextByteCode(commandBuffer, outputTextFile);
     25:     writeBinByteCode(commandBuffer, numOfBufferElements, outputBinFile);
     26: 

--------------------------------------------------
Developed with:

The Dumb Artist Library (TX Library)
TXLib [Ver: 00173a, Rev: 174, Date: 2025-08-03 17:59:06 +0400]
Copyright (C) Ded (Ilya Dedinsky, http://txlib.ru) <mail@txlib.ru>
See license on: http://txlib.ru

TXLib file:	c:\users\admin\downloads\codeblocks\mingw\include\txlib.h
Compiled:	Oct  7 2025 18:49:11, GNU g++ 4.8.1, std=201103L, MinGW Runtime 3.20, 32-bit, DEBUG
Started:	Oct 07 2025 18:49:49

Run file:	C:\Users\Admin\Desktop\Stack\EXE\assembler.exe
Directory:	C:\Users\Admin\Desktop\Stack

--------------------------------------------------

--------------------------------------------------
TXLib соболезнует...

Программа: C:\Users\Admin\Desktop\Stack\EXE\assembler.exe, файл: ASSEMBLER/assemblerFunctions.cpp, строка: 236, функция: void writeTextByteCode(int*, const char*),

Сообщение: ВНЕЗАПНО: Логическая ошибка: Неверно, что "codeBuffer".

#1: TXLib [Ver: 00173a, Rev: 174, Date: 2025-08-03 17:59:06 +0400], Instance: 0x005091DC (32-bit), Flags: Cmdre0, Thread: 0x2D30 (Main). 

--------------------------------------------------
Стек вызовов:

# 0 0x0042E64E in C:\Users\Admin\Desktop\Stack\EXE\assembler.exe: writeTextByteCode() at C:/Users/Admin/Desktop/Stack/ASSEMBLER/assemblerFunctions.cpp:236:

    234: 
    235: void writeTextByteCode (int* codeBuffer, const char* nameOfFile) {
=>  236:     assert(codeBuffer);
    237:     assert(nameOfFile);
    238: 

# 1 0x00401496 in C:\Users\Admin\Desktop\Stack\EXE\assembler.exe: main() at C:/Users/Admin/Desktop/Stack/ASSEMBLER/mainAssembler.cpp:24:

     22:     int* commandBuffer = commandRewriter (&Cmd, &numOfBufferElements, inputFile);
     23: 
=>   24:     writeTextByteCode(commandBuffer, outputTextFile);
     25:     writeBinByteCode(commandBuffer, numOfBufferElements, outputBinFile);
     26: 

--------------------------------------------------
Developed with:

The Dumb Artist Library (TX Library)
TXLib [Ver: 00173a, Rev: 174, Date: 2025-08-03 17:59:06 +0400]
Copyright (C) Ded (Ilya Dedinsky, http://txlib.ru) <mail@txlib.ru>
See license on: http://txlib.ru

TXLib file:	c:\users\admin\downloads\codeblocks\mingw\include\txlib.h
Compiled:	Oct  7 2025 18:49:11, GNU g++ 4.8.1, std=201103L, MinGW Runtime 3.20, 32-bit, DEBUG
Started:	Oct 07 2025 18:50:08

Run file:	C:\Users\Admin\Desktop\Stack\EXE\assembler.exe
Directory:	C:\Users\Admin\Desktop\Stack

--------------------------------------------------

--------------------------------------------------
TXLib соболезнует...

Программа: C:\Users\Admin\Desktop\Stack\EXE\assembler.exe, файл: ASSEMBLER/assemblerFunctions.cpp, строка: 307, функция: void writeTextByteCode(int*, const char*),

Сообщение: ВНЕЗАПНО: Логическая ошибка: Неверно, что "codeBuffer".

#1: TXLib [Ver: 00173a, Rev: 174, Date: 2025-08-03 17:59:06 +0400], Instance: 0x005091DC (32-bit), Flags: Cmdre0, Thread: 0x4B2C (Main). 

--------------------------------------------------
Стек вызовов:

# 0 0x0042EAA4 in C:\Users\Admin\Desktop\Stack\EXE\assembler.exe: writeTextByteCode() at C:/Users/Admin/Desktop/Stack/ASSEMBLER/assemblerFunctions.cpp:307:

    305: 
    306: void writeTextByteCode (int* codeBuffer, const char* nameOfFile) {
=>  307:     assert(codeBuffer);
    308:     assert(nameOfFile);
    309: 

# 1 0x00401496 in C:\Users\Admin\Desktop\Stack\EXE\assembler.exe: main() at C:/Users/Admin/Desktop/Stack/ASSEMBLER/mainAssembler.cpp:24:

     22:     int* commandBuffer = commandRewriter (&Cmd, &numOfBufferElements, inputFile);
     23: 
=>   24:     writeTextByteCode(commandBuffer, outputTextFile);
     25:     writeBinByteCode(commandBuffer, numOfBufferElements, outputBinFile);
     26: 

--------------------------------------------------
Developed with:

The Dumb Artist Library (TX Library)
TXLib [Ver: 00173a, Rev: 174, Date: 2025-08-03 17:59:06 +0400]
Copyright (C) Ded (Ilya Dedinsky, http://txlib.ru) <mail@txlib.ru>
See license on: http://txlib.ru

TXLib file:	c:\users\admin\downloads\codeblocks\mingw\include\txlib.h
Compiled:	Oct  7 2025 20:55:30, GNU g++ 4.8.1, std=201103L, MinGW Runtime 3.20, 32-bit, DEBUG
Started:	Oct 07 2025 20:55:34

Run file:	C:\Users\Admin\Desktop\Stack\EXE\assembler.exe
Directory:	C:\Users\Admin\Desktop\Stack

--------------------------------------------------

--------------------------------------------------
TXLib соболезнует...

Программа: C:\Users\Admin\Desktop\Stack\EXE\assembler.exe, файл: ASSEMBLER/assemblerFunctions.cpp, строка: 307, функция: void writeTextByteCode(int*, const char*),

Сообщение: ВНЕЗАПНО: Логическая ошибка: Неверно, что "codeBuffer".

#1: TXLib [Ver: 00173a, Rev: 174, Date: 2025-08-03 17:59:06 +0400], Instance: 0x005091DC (32-bit), Flags: Cmdre0, Thread: 0xA0C (Main). 

--------------------------------------------------
Стек вызовов:

# 0 0x0042EAA4 in C:\Users\Admin\Desktop\Stack\EXE\assembler.exe: writeTextByteCode() at C:/Users/Admin/Desktop/Stack/ASSEMBLER/assemblerFunctions.cpp:307:

    305: 
    306: void writeTextByteCode (int* codeBuffer, const char* nameOfFile) {
=>  307:     assert(codeBuffer);
    308:     assert(nameOfFile);
    309: 

# 1 0x00401496 in C:\Users\Admin\Desktop\Stack\EXE\assembler.exe: main() at C:/Users/Admin/Desktop/Stack/ASSEMBLER/mainAssembler.cpp:24:

     22:     int* commandBuffer = commandRewriter (&Cmd, &numOfBufferElements, inputFile);
     23: 
=>   24:     writeTextByteCode(commandBuffer, outputTextFile);
     25:     writeBinByteCode(commandBuffer, numOfBufferElements, outputBinFile);
     26: 

--------------------------------------------------
Developed with:

The Dumb Artist Library (TX Library)
TXLib [Ver: 00173a, Rev: 174, Date: 2025-08-03 17:59:06 +0400]
Copyright (C) Ded (Ilya Dedinsky, http://txlib.ru) <mail@txlib.ru>
See license on: http://txlib.ru

TXLib file:	c:\users\admin\downloads\codeblocks\mingw\include\txlib.h
Compiled:	Oct  7 2025 20:55:30, GNU g++ 4.8.1, std=201103L, MinGW Runtime 3.20, 32-bit, DEBUG
Started:	Oct 07 2025 20:55:58

Run file:	C:\Users\Admin\Desktop\Stack\EXE\assembler.exe
Directory:	C:\Users\Admin\Desktop\Stack

--------------------------------------------------

--------------------------------------------------
TXLib соболезнует...

Программа: C:\Users\Admin\Desktop\Stack\EXE\assembler.exe, файл: ASSEMBLER/assemblerFunctions.cpp, строка: 307, функция: void writeTextByteCode(int*, const char*),

Сообщение: ВНЕЗАПНО: Логическая ошибка: Неверно, что "codeBuffer".

#1: TXLib [Ver: 00173a, Rev: 174, Date: 2025-08-03 17:59:06 +0400], Instance: 0x005091DC (32-bit), Flags: Cmdre0, Thread: 0x3898 (Main). 

--------------------------------------------------
Стек вызовов:

# 0 0x0042EAA4 in C:\Users\Admin\Desktop\Stack\EXE\assembler.exe: writeTextByteCode() at C:/Users/Admin/Desktop/Stack/ASSEMBLER/assemblerFunctions.cpp:307:

    305: 
    306: void writeTextByteCode (int* codeBuffer, const char* nameOfFile) {
=>  307:     assert(codeBuffer);
    308:     assert(nameOfFile);
    309: 

# 1 0x00401496 in C:\Users\Admin\Desktop\Stack\EXE\assembler.exe: main() at C:/Users/Admin/Desktop/Stack/ASSEMBLER/mainAssembler.cpp:24:

     22:     int* commandBuffer = commandRewriter (&Cmd, &numOfBufferElements, inputFile);
     23: 
=>   24:     writeTextByteCode(commandBuffer, outputTextFile);
     25:     writeBinByteCode(commandBuffer, numOfBufferElements, outputBinFile);
     26: 

--------------------------------------------------
Developed with:

The Dumb Artist Library (TX Library)
TXLib [Ver: 00173a, Rev: 174, Date: 2025-08-03 17:59:06 +0400]
Copyright (C) Ded (Ilya Dedinsky, http://txlib.ru) <mail@txlib.ru>
See license on: http://txlib.ru

TXLib file:	c:\users\admin\downloads\codeblocks\mingw\include\txlib.h
Compiled:	Oct  7 2025 21:36:38, GNU g++ 4.8.1, std=201103L, MinGW Runtime 3.20, 32-bit, DEBUG
Started:	Oct 07 2025 21:36:53

Run file:	C:\Users\Admin\Desktop\Stack\EXE\assembler.exe
Directory:	C:\Users\Admin\Desktop\Stack

--------------------------------------------------

--------------------------------------------------
TXLib соболезнует...

Программа: C:\Users\Admin\Desktop\Stack\EXE\assembler.exe, файл: ASSEMBLER/assemblerFunctions.cpp, строка: 314, функция: void writeTextByteCode(int*, const char*),

Сообщение: ВНЕЗАПНО: Логическая ошибка: Неверно, что "codeBuffer".

#1: TXLib [Ver: 00173a, Rev: 174, Date: 2025-08-03 17:59:06 +0400], Instance: 0x005091DC (32-bit), Flags: Cmdre0, Thread: 0x1688 (Main). 

--------------------------------------------------
Стек вызовов:

# 0 0x0042EAC5 in C:\Users\Admin\Desktop\Stack\EXE\assembler.exe: writeTextByteCode() at C:/Users/Admin/Desktop/Stack/ASSEMBLER/assemblerFunctions.cpp:314:

    312: 
    313: void writeTextByteCode (int* codeBuffer, const char* nameOfFile) {
=>  314:     assert(codeBuffer);
    315:     assert(nameOfFile);
    316: 

# 1 0x00401496 in C:\Users\Admin\Desktop\Stack\EXE\assembler.exe: main() at C:/Users/Admin/Desktop/Stack/ASSEMBLER/mainAssembler.cpp:24:

     22:     int* commandBuffer = commandRewriter (&Cmd, &numOfBufferElements, inputFile);
     23: 
=>   24:     writeTextByteCode(commandBuffer, outputTextFile);
     25:     writeBinByteCode(commandBuffer, numOfBufferElements, outputBinFile);
     26: 

--------------------------------------------------
Developed with:

The Dumb Artist Library (TX Library)
TXLib [Ver: 00173a, Rev: 174, Date: 2025-08-03 17:59:06 +0400]
Copyright (C) Ded (Ilya Dedinsky, http://txlib.ru) <mail@txlib.ru>
See license on: http://txlib.ru

TXLib file:	c:\users\admin\downloads\codeblocks\mingw\include\txlib.h
Compiled:	Oct  7 2025 21:45:10, GNU g++ 4.8.1, std=201103L, MinGW Runtime 3.20, 32-bit, DEBUG
Started:	Oct 07 2025 21:45:14

Run file:	C:\Users\Admin\Desktop\Stack\EXE\assembler.exe
Directory:	C:\Users\Admin\Desktop\Stack

--------------------------------------------------

--------------------------------------------------
TXLib соболезнует...

Программа: C:\Users\Admin\Desktop\Stack\EXE\assembler.exe, файл: ASSEMBLER/assemblerFunctions.cpp, строка: 317, функция: void writeTextByteCode(int*, const char*),

Сообщение: ВНЕЗАПНО: Логическая ошибка: Неверно, что "codeBuffer".

#1: TXLib [Ver: 00173a, Rev: 174, Date: 2025-08-03 17:59:06 +0400], Instance: 0x005091DC (32-bit), Flags: Cmdre0, Thread: 0x2524 (Main). 

--------------------------------------------------
Стек вызовов:

# 0 0x0042EAAB in C:\Users\Admin\Desktop\Stack\EXE\assembler.exe: writeTextByteCode() at C:/Users/Admin/Desktop/Stack/ASSEMBLER/assemblerFunctions.cpp:317:

    315: 
    316: void writeTextByteCode (int* codeBuffer, const char* nameOfFile) {
=>  317:     assert(codeBuffer);
    318:     assert(nameOfFile);
    319: 

# 1 0x00401496 in C:\Users\Admin\Desktop\Stack\EXE\assembler.exe: main() at C:/Users/Admin/Desktop/Stack/ASSEMBLER/mainAssembler.cpp:24:

     22:     int* commandBuffer = commandRewriter (&Cmd, &numOfBufferElements, inputFile);
     23: 
=>   24:     writeTextByteCode(commandBuffer, outputTextFile);
     25:     writeBinByteCode(commandBuffer, numOfBufferElements, outputBinFile);
     26: 

--------------------------------------------------
Developed with:

The Dumb Artist Library (TX Library)
TXLib [Ver: 00173a, Rev: 174, Date: 2025-08-03 17:59:06 +0400]
Copyright (C) Ded (Ilya Dedinsky, http://txlib.ru) <mail@txlib.ru>
See license on: http://txlib.ru

TXLib file:	c:\users\admin\downloads\codeblocks\mingw\include\txlib.h
Compiled:	Oct  7 2025 22:03:23, GNU g++ 4.8.1, std=201103L, MinGW Runtime 3.20, 32-bit, DEBUG
Started:	Oct 07 2025 22:03:26

Run file:	C:\Users\Admin\Desktop\Stack\EXE\assembler.exe
Directory:	C:\Users\Admin\Desktop\Stack

--------------------------------------------------

--------------------------------------------------
TXLib соболезнует...

Программа: C:\Users\Admin\Desktop\Stack\EXE\assembler.exe, файл: ASSEMBLER/assemblerFunctions.cpp, строка: 334, функция: void writeTextByteCode(int*, const char*),

Сообщение: ВНЕЗАПНО: Логическая ошибка: Неверно, что "codeBuffer".

#1: TXLib [Ver: 00173a, Rev: 174, Date: 2025-08-03 17:59:06 +0400], Instance: 0x005091DC (32-bit), Flags: Cmdre0, Thread: 0x4570 (Main). 

--------------------------------------------------
Стек вызовов:

# 0 0x0042EC00 in C:\Users\Admin\Desktop\Stack\EXE\assembler.exe: writeTextByteCode() at C:/Users/Admin/Desktop/Stack/ASSEMBLER/assemblerFunctions.cpp:334:

    332: 
    333: void writeTextByteCode (int* codeBuffer, const char* nameOfFile) {
=>  334:     assert(codeBuffer);
    335:     assert(nameOfFile);
    336: 

# 1 0x004014DC in C:\Users\Admin\Desktop\Stack\EXE\assembler.exe: main() at C:/Users/Admin/Desktop/Stack/ASSEMBLER/mainAssembler.cpp:26:

     24:     commandBuffer = commandRewriter (&Cmd, labels, &numOfBufferElements, inputFile);
     25: 
=>   26:     writeTextByteCode(commandBuffer, outputTextFile);
     27:     writeBinByteCode(commandBuffer, numOfBufferElements, outputBinFile);
     28: 

--------------------------------------------------
Developed with:

The Dumb Artist Library (TX Library)
TXLib [Ver: 00173a, Rev: 174, Date: 2025-08-03 17:59:06 +0400]
Copyright (C) Ded (Ilya Dedinsky, http://txlib.ru) <mail@txlib.ru>
See license on: http://txlib.ru

TXLib file:	c:\users\admin\downloads\codeblocks\mingw\include\txlib.h
Compiled:	Oct  8 2025 17:18:36, GNU g++ 4.8.1, std=201103L, MinGW Runtime 3.20, 32-bit, DEBUG
Started:	Oct 08 2025 17:18:42

Run file:	C:\Users\Admin\Desktop\Stack\EXE\assembler.exe
Directory:	C:\Users\Admin\Desktop\Stack

--------------------------------------------------

--------------------------------------------------
TXLib соболезнует...

Программа: C:\Users\Admin\Desktop\Stack\EXE\assembler.exe, файл: ASSEMBLER/assemblerFunctions.cpp, строка: 334, функция: void writeTextByteCode(int*, const char*),

Сообщение: ВНЕЗАПНО: Логическая ошибка: Неверно, что "codeBuffer".

#1: TXLib [Ver: 00173a, Rev: 174, Date: 2025-08-03 17:59:06 +0400], Instance: 0x005091DC (32-bit), Flags: Cmdre0, Thread: 0x4C84 (Main). 

--------------------------------------------------
Стек вызовов:

# 0 0x0042EC00 in C:\Users\Admin\Desktop\Stack\EXE\assembler.exe: writeTextByteCode() at C:/Users/Admin/Desktop/Stack/ASSEMBLER/assemblerFunctions.cpp:334:

    332: 
    333: void writeTextByteCode (int* codeBuffer, const char* nameOfFile) {
=>  334:     assert(codeBuffer);
    335:     assert(nameOfFile);
    336: 

# 1 0x004014DC in C:\Users\Admin\Desktop\Stack\EXE\assembler.exe: main() at C:/Users/Admin/Desktop/Stack/ASSEMBLER/mainAssembler.cpp:26:

     24:     commandBuffer = commandRewriter (&Cmd, labels, &numOfBufferElements, inputFile);
     25: 
=>   26:     writeTextByteCode(commandBuffer, outputTextFile);
     27:     writeBinByteCode(commandBuffer, numOfBufferElements, outputBinFile);
     28: 

--------------------------------------------------
Developed with:

The Dumb Artist Library (TX Library)
TXLib [Ver: 00173a, Rev: 174, Date: 2025-08-03 17:59:06 +0400]
Copyright (C) Ded (Ilya Dedinsky, http://txlib.ru) <mail@txlib.ru>
See license on: http://txlib.ru

TXLib file:	c:\users\admin\downloads\codeblocks\mingw\include\txlib.h
Compiled:	Oct  8 2025 17:18:36, GNU g++ 4.8.1, std=201103L, MinGW Runtime 3.20, 32-bit, DEBUG
Started:	Oct 08 2025 17:19:31

Run file:	C:\Users\Admin\Desktop\Stack\EXE\assembler.exe
Directory:	C:\Users\Admin\Desktop\Stack

--------------------------------------------------

--------------------------------------------------
TXLib соболезнует...

Программа: C:\Users\Admin\Desktop\Stack\EXE\assembler.exe, файл: ASSEMBLER/assemblerFunctions.cpp, строка: 335, функция: void writeTextByteCode(int*, const char*),

Сообщение: ВНЕЗАПНО: Логическая ошибка: Неверно, что "codeBuffer".

#1: TXLib [Ver: 00173a, Rev: 174, Date: 2025-08-03 17:59:06 +0400], Instance: 0x005091DC (32-bit), Flags: Cmdre0, Thread: 0x594 (Main). 

--------------------------------------------------
Стек вызовов:

# 0 0x0042EC13 in C:\Users\Admin\Desktop\Stack\EXE\assembler.exe: writeTextByteCode() at C:/Users/Admin/Desktop/Stack/ASSEMBLER/assemblerFunctions.cpp:335:

    333: 
    334: void writeTextByteCode (int* codeBuffer, const char* nameOfFile) {
=>  335:     assert(codeBuffer);
    336:     assert(nameOfFile);
    337: 

# 1 0x004014DC in C:\Users\Admin\Desktop\Stack\EXE\assembler.exe: main() at C:/Users/Admin/Desktop/Stack/ASSEMBLER/mainAssembler.cpp:26:

     24:     commandBuffer = commandRewriter (&Cmd, labels, &numOfBufferElements, inputFile);
     25: 
=>   26:     writeTextByteCode(commandBuffer, outputTextFile);
     27:     writeBinByteCode(commandBuffer, numOfBufferElements, outputBinFile);
     28: 

--------------------------------------------------
Developed with:

The Dumb Artist Library (TX Library)
TXLib [Ver: 00173a, Rev: 174, Date: 2025-08-03 17:59:06 +0400]
Copyright (C) Ded (Ilya Dedinsky, http://txlib.ru) <mail@txlib.ru>
See license on: http://txlib.ru

TXLib file:	c:\users\admin\downloads\codeblocks\mingw\include\txlib.h
Compiled:	Oct  8 2025 17:21:02, GNU g++ 4.8.1, std=201103L, MinGW Runtime 3.20, 32-bit, DEBUG
Started:	Oct 08 2025 17:21:06

Run file:	C:\Users\Admin\Desktop\Stack\EXE\assembler.exe
Directory:	C:\Users\Admin\Desktop\Stack

--------------------------------------------------

--------------------------------------------------
TXLib соболезнует...

Программа: C:\Users\Admin\Desktop\Stack\EXE\assembler.exe, файл: ASSEMBLER/assemblerFunctions.cpp, строка: 336, функция: void writeTextByteCode(int*, const char*),

Сообщение: ВНЕЗАПНО: Логическая ошибка: Неверно, что "codeBuffer".

#1: TXLib [Ver: 00173a, Rev: 174, Date: 2025-08-03 17:59:06 +0400], Instance: 0x005091DC (32-bit), Flags: Cmdre0, Thread: 0xFC8 (Main). 

--------------------------------------------------
Стек вызовов:

# 0 0x0042EC38 in C:\Users\Admin\Desktop\Stack\EXE\assembler.exe: writeTextByteCode() at C:/Users/Admin/Desktop/Stack/ASSEMBLER/assemblerFunctions.cpp:336:

    334: 
    335: void writeTextByteCode (int* codeBuffer, const char* nameOfFile) {
=>  336:     assert(codeBuffer);
    337:     assert(nameOfFile);
    338: 

# 1 0x004014DC in C:\Users\Admin\Desktop\Stack\EXE\assembler.exe: main() at C:/Users/Admin/Desktop/Stack/ASSEMBLER/mainAssembler.cpp:26:

     24:     commandBuffer = commandRewriter (&Cmd, labels, &numOfBufferElements, inputFile);
     25: 
=>   26:     writeTextByteCode(commandBuffer, outputTextFile);
     27:     writeBinByteCode(commandBuffer, numOfBufferElements, outputBinFile);
     28: 

--------------------------------------------------
Developed with:

The Dumb Artist Library (TX Library)
TXLib [Ver: 00173a, Rev: 174, Date: 2025-08-03 17:59:06 +0400]
Copyright (C) Ded (Ilya Dedinsky, http://txlib.ru) <mail@txlib.ru>
See license on: http://txlib.ru

TXLib file:	c:\users\admin\downloads\codeblocks\mingw\include\txlib.h
Compiled:	Oct  8 2025 17:23:11, GNU g++ 4.8.1, std=201103L, MinGW Runtime 3.20, 32-bit, DEBUG
Started:	Oct 08 2025 17:23:14

Run file:	C:\Users\Admin\Desktop\Stack\EXE\assembler.exe
Directory:	C:\Users\Admin\Desktop\Stack

--------------------------------------------------

--------------------------------------------------
TXLib соболезнует...

Программа: C:\Users\Admin\Desktop\Stack\EXE\assembler.exe, файл: ASSEMBLER/assemblerFunctions.cpp, строка: 336, функция: void writeTextByteCode(int*, const char*),

Сообщение: ВНЕЗАПНО: Логическая ошибка: Неверно, что "codeBuffer".

#1: TXLib [Ver: 00173a, Rev: 174, Date: 2025-08-03 17:59:06 +0400], Instance: 0x005091DC (32-bit), Flags: Cmdre0, Thread: 0x1F38 (Main). 

--------------------------------------------------
Стек вызовов:

# 0 0x0042EC38 in C:\Users\Admin\Desktop\Stack\EXE\assembler.exe: writeTextByteCode() at C:/Users/Admin/Desktop/Stack/ASSEMBLER/assemblerFunctions.cpp:336:

    334: 
    335: void writeTextByteCode (int* codeBuffer, const char* nameOfFile) {
=>  336:     assert(codeBuffer);
    337:     assert(nameOfFile);
    338: 

# 1 0x004014DC in C:\Users\Admin\Desktop\Stack\EXE\assembler.exe: main() at C:/Users/Admin/Desktop/Stack/ASSEMBLER/mainAssembler.cpp:26:

     24:     commandBuffer = commandRewriter (&Cmd, labels, &numOfBufferElements, inputFile);
     25: 
=>   26:     writeTextByteCode(commandBuffer, outputTextFile);
     27:     writeBinByteCode(commandBuffer, numOfBufferElements, outputBinFile);
     28: 

--------------------------------------------------
Developed with:

The Dumb Artist Library (TX Library)
TXLib [Ver: 00173a, Rev: 174, Date: 2025-08-03 17:59:06 +0400]
Copyright (C) Ded (Ilya Dedinsky, http://txlib.ru) <mail@txlib.ru>
See license on: http://txlib.ru

TXLib file:	c:\users\admin\downloads\codeblocks\mingw\include\txlib.h
Compiled:	Oct  8 2025 17:23:38, GNU g++ 4.8.1, std=201103L, MinGW Runtime 3.20, 32-bit, DEBUG
Started:	Oct 08 2025 17:23:41

Run file:	C:\Users\Admin\Desktop\Stack\EXE\assembler.exe
Directory:	C:\Users\Admin\Desktop\Stack

--------------------------------------------------

--------------------------------------------------
TXLib соболезнует...

Программа: C:\Users\Admin\Desktop\Stack\EXE\assembler.exe, файл: ASSEMBLER/assemblerFunctions.cpp, строка: 333, функция: void writeTextByteCode(int*, const char*),

Сообщение: ВНЕЗАПНО: Логическая ошибка: Неверно, что "codeBuffer".

#1: TXLib [Ver: 00173a, Rev: 174, Date: 2025-08-03 17:59:06 +0400], Instance: 0x005091DC (32-bit), Flags: Cmdre0, Thread: 0x5218 (Main). 

--------------------------------------------------
Стек вызовов:

# 0 0x0042EC09 in C:\Users\Admin\Desktop\Stack\EXE\assembler.exe: writeTextByteCode() at C:/Users/Admin/Desktop/Stack/ASSEMBLER/assemblerFunctions.cpp:333:

    331: 
    332: void writeTextByteCode (int* codeBuffer, const char* nameOfFile) {
=>  333:     assert(codeBuffer);
    334:     assert(nameOfFile);
    335: 

# 1 0x004014DC in C:\Users\Admin\Desktop\Stack\EXE\assembler.exe: main() at C:/Users/Admin/Desktop/Stack/ASSEMBLER/mainAssembler.cpp:26:

     24:     commandBuffer = commandRewriter (&Cmd, labels, &numOfBufferElements, inputFile);
     25: 
=>   26:     writeTextByteCode(commandBuffer, outputTextFile);
     27:     writeBinByteCode(commandBuffer, numOfBufferElements, outputBinFile);
     28: 

--------------------------------------------------
Developed with:

The Dumb Artist Library (TX Library)
TXLib [Ver: 00173a, Rev: 174, Date: 2025-08-03 17:59:06 +0400]
Copyright (C) Ded (Ilya Dedinsky, http://txlib.ru) <mail@txlib.ru>
See license on: http://txlib.ru

TXLib file:	c:\users\admin\downloads\codeblocks\mingw\include\txlib.h
Compiled:	Oct  9 2025 23:22:58, GNU g++ 4.8.1, std=201103L, MinGW Runtime 3.20, 32-bit, DEBUG
Started:	Oct 09 2025 23:23:03

Run file:	C:\Users\Admin\Desktop\Stack\EXE\assembler.exe
Directory:	C:\Users\Admin\Desktop\Stack

--------------------------------------------------

--------------------------------------------------
TXLib соболезнует...

Программа: C:\Users\Admin\Desktop\Stack\EXE\assembler.exe,

ВНЕЗАПНО: signal (22, 0x00): SIGABRT: Аварийное завершение программы, вызвана функция abort(). 

С помощью функции signal() вы можете сами обработать эту ошибку.

#1: TXLib [Ver: 00173a, Rev: 174, Date: 2025-08-03 17:59:06 +0400], Instance: 0x005F5ADC (32-bit), Flags: Cmdre0, Thread: 0x4984 (Main), GetLastError(): 2 (Не удается найти указанный файл), errno: 2 (No such file or directory), _doserrno: 2 (No such file or directory). 

--------------------------------------------------
Стек вызовов:

# 0 0x00470CF4 in C:\Users\Admin\Desktop\Stack\EXE\assembler.exe: (anonymous namespace)::TX::_txOnSignal() at c:/users/admin/downloads/codeblocks/mingw/include/txlib.h:11173
# 1 0x75178F03 in C:\WINDOWS\System32\msvcrt.dll: raise()
# 2 0x7517D3CB in C:\WINDOWS\System32\msvcrt.dll: abort()
# 3 0x75179D47 in C:\WINDOWS\System32\msvcrt.dll: assert()

# 4 0x0040242B in C:\Users\Admin\Desktop\Stack\EXE\assembler.exe: getStructComands() at C:/Users/Admin/Desktop/Stack/ASSEMBLER/textTools.cpp:48:

     46: 
     47:     char* buffer = copyFileContent(structAddress, fileName);
=>   48:     assert(buffer);
     49: 
     50:     size_t numberOfStrings    = getNumberOfSymbols(buffer, '\n');

# 5 0x00401615 in C:\Users\Admin\Desktop\Stack\EXE\assembler.exe: assemblerCtor() at C:/Users/Admin/Desktop/Stack/ASSEMBLER/assemblerFunctions.cpp:29:

     27:     }
     28: 
=>   29:     getStructComands (&(Asm->cmds), inputFile);
     30:     Asm->numOfLine = 0;
     31: 

# 6 0x0040145B in C:\Users\Admin\Desktop\Stack\EXE\assembler.exe: main() at C:/Users/Admin/Desktop/Stack/ASSEMBLER/mainAssembler.cpp:19:

     17:     struct assembler Asm = {};
     18: 
=>   19:     assemblerCtor(&Asm, inputFile, outputTextFile, outputBinFile, listingFile);
     20: 
     21:     if (compileCommands(&Asm)) {

--------------------------------------------------
Developed with:

The Dumb Artist Library (TX Library)
TXLib [Ver: 00173a, Rev: 174, Date: 2025-08-03 17:59:06 +0400]
Copyright (C) Ded (Ilya Dedinsky, http://txlib.ru) <mail@txlib.ru>
See license on: http://txlib.ru

TXLib file:	c:\users\admin\downloads\codeblocks\mingw\include\txlib.h
Compiled:	Oct 19 2025 22:37:11, GNU g++ 4.8.1, std=201103L, MinGW Runtime 3.20, 32-bit, DEBUG
Started:	Oct 19 2025 22:37:15

Run file:	C:\Users\Admin\Desktop\Stack\EXE\assembler.exe
Directory:	C:\Users\Admin\Desktop\Stack

--------------------------------------------------

--------------------------------------------------
TXLib предупреждает:

Программа: C:\Users\Admin\Desktop\Stack\EXE\assembler.exe,

ВНЕЗАПНО: Нарушение доступа к памяти.

#1: Исключение EXCEPTION_ACCESS_VIOLATION (0xC0000005) при выполнении кода по адресу 0x751AE609 в функции strcmp(). Попытка прочесть данные по адресу NULL в модуле C:\WINDOWS\System32\msvcrt.dll. Спасибо _txVectoredExceptionHandler(), что сообщил. Люблю его <3

#1: TXLib [Ver: 00173a, Rev: 174, Date: 2025-08-03 17:59:06 +0400], Instance: 0x005F5ADC (32-bit), Flags: Cmdre0, Thread: 0x5418 (Main). 

--------------------------------------------------
Стек вызовов:

# 0 0x751AE609 in C:\WINDOWS\System32\msvcrt.dll: strcmp()

# 1 0x004022FD in C:\Users\Admin\Desktop\Stack\EXE\assembler.exe: getCmdArg() at C:/Users/Admin/Desktop/Stack/ASSEMBLER/assemblerFunctions.cpp:263:

    261: 
    262:     if (argType == labelArg)
=>  263:         if  (getCmdLabelArg (Asm, offset, commandString))
    264:             return 1;
    265: 

# 2 0x00402190 in C:\Users\Admin\Desktop\Stack\EXE\assembler.exe: compileCommands() at C:/Users/Admin/Desktop/Stack/ASSEMBLER/assemblerFunctions.cpp:236:

    234:         (Asm->commandBuffer)[Asm->commandCounter++] = (comandsArray[numOfCmd]).commandCode;
    235: 
=>  236:         if (getCmdArg ((comandsArray[numOfCmd]).argType, Asm, offset, commandString))
    237:             return 1;
    238: 

# 3 0x0040148F in C:\Users\Admin\Desktop\Stack\EXE\assembler.exe: main() at C:/Users/Admin/Desktop/Stack/ASSEMBLER/mainAssembler.cpp:27:

     25: 
     26: 
=>   27:     if (compileCommands(&Asm)) {
     28:         assemblerDtor(&Asm);
     29:         return 1;

--------------------------------------------------
Developed with:

The Dumb Artist Library (TX Library)
TXLib [Ver: 00173a, Rev: 174, Date: 2025-08-03 17:59:06 +0400]
Copyright (C) Ded (Ilya Dedinsky, http://txlib.ru) <mail@txlib.ru>
See license on: http://txlib.ru

TXLib file:	c:\users\admin\downloads\codeblocks\mingw\include\txlib.h
Compiled:	Oct 20 2025 16:56:33, GNU g++ 4.8.1, std=201103L, MinGW Runtime 3.20, 32-bit, DEBUG
Started:	Oct 20 2025 16:56:37

Run file:	C:\Users\Admin\Desktop\Stack\EXE\assembler.exe
Directory:	C:\Users\Admin\Desktop\Stack

--------------------------------------------------

--------------------------------------------------
TXLib соболезнует...

Программа: C:\Users\Admin\Desktop\Stack\EXE\assembler.exe,

ВНЕЗАПНО: signal (11, 0x00): SIGSEGV: Доступ по неверному указателю. Ставьте ассерты! 

Нарушение доступа к памяти.

#1: Исключение EXCEPTION_ACCESS_VIOLATION (0xC0000005) при выполнении кода по адресу 0x751AE609 в функции strcmp(). Попытка прочесть данные по адресу NULL в модуле C:\WINDOWS\System32\msvcrt.dll. Спасибо _txVectoredExceptionHandler(), что сообщил. Люблю его <3

С помощью функции signal() вы можете сами обработать эту ошибку.

#2: TXLib [Ver: 00173a, Rev: 174, Date: 2025-08-03 17:59:06 +0400], Instance: 0x005F5ADC (32-bit), Flags: Cmdre0, Thread: 0x5418 (Main). 

--------------------------------------------------
Стек вызовов:

# 0 0x751AE609 in C:\WINDOWS\System32\msvcrt.dll: strcmp()

# 1 0x004022FD in C:\Users\Admin\Desktop\Stack\EXE\assembler.exe: getCmdArg() at C:/Users/Admin/Desktop/Stack/ASSEMBLER/assemblerFunctions.cpp:263:

    261: 
    262:     if (argType == labelArg)
=>  263:         if  (getCmdLabelArg (Asm, offset, commandString))
    264:             return 1;
    265: 

# 2 0x00402190 in C:\Users\Admin\Desktop\Stack\EXE\assembler.exe: compileCommands() at C:/Users/Admin/Desktop/Stack/ASSEMBLER/assemblerFunctions.cpp:236:

    234:         (Asm->commandBuffer)[Asm->commandCounter++] = (comandsArray[numOfCmd]).commandCode;
    235: 
=>  236:         if (getCmdArg ((comandsArray[numOfCmd]).argType, Asm, offset, commandString))
    237:             return 1;
    238: 

# 3 0x0040148F in C:\Users\Admin\Desktop\Stack\EXE\assembler.exe: main() at C:/Users/Admin/Desktop/Stack/ASSEMBLER/mainAssembler.cpp:27:

     25: 
     26: 
=>   27:     if (compileCommands(&Asm)) {
     28:         assemblerDtor(&Asm);
     29:         return 1;

--------------------------------------------------
Developed with:

The Dumb Artist Library (TX Library)
TXLib [Ver: 00173a, Rev: 174, Date: 2025-08-03 17:59:06 +0400]
Copyright (C) Ded (Ilya Dedinsky, http://txlib.ru) <mail@txlib.ru>
See license on: http://txlib.ru

TXLib file:	c:\users\admin\downloads\codeblocks\mingw\include\txlib.h
Compiled:	Oct 20 2025 16:56:33, GNU g++ 4.8.1, std=201103L, MinGW Runtime 3.20, 32-bit, DEBUG
Started:	Oct 20 2025 16:56:37

Run file:	C:\Users\Admin\Desktop\Stack\EXE\assembler.exe
Directory:	C:\Users\Admin\Desktop\Stack

--------------------------------------------------

--------------------------------------------------
TXLib предупреждает:

Программа: C:\Users\Admin\Desktop\Stack\EXE\assembler.exe,

ВНЕЗАПНО: Нарушение доступа к памяти.

#1: Исключение EXCEPTION_ACCESS_VIOLATION (0xC0000005) при выполнении кода по адресу 0x0040340C в функции compileCommands22() в файле C:/Users/Admin/Desktop/Stack/ASSEMBLER/assemblerFunctions.cpp на строке 392. Попытка прочесть данные по адресу 0x00000004 в модуле C:\Users\Admin\Desktop\Stack\EXE\assembler.exe. Спасибо _txVectoredExceptionHandler(), что сообщил. Люблю его <3

#1: TXLib [Ver: 00173a, Rev: 174, Date: 2025-08-03 17:59:06 +0400], Instance: 0x005F7ADC (32-bit), Flags: Cmdre0, Thread: 0x4C70 (Main). 

--------------------------------------------------
Стек вызовов:

# 0 0x0040340C in C:\Users\Admin\Desktop\Stack\EXE\assembler.exe: compileCommands22() at C:/Users/Admin/Desktop/Stack/ASSEMBLER/assemblerFunctions.cpp:392:

    390:         struct command* searchedCommand = (struct command*)bsearch(&commandStringHash, commandsArray, NUMBER_OF_COMMANDS, sizeof(struct command), bsearchComparator);
    391: 
=>  392:         if (searchedCommand->commandCode == emptyString)
    393:             continue;
    394: 

# 1 0x00401467 in C:\Users\Admin\Desktop\Stack\EXE\assembler.exe: main() at C:/Users/Admin/Desktop/Stack/ASSEMBLER/mainAssembler.cpp:21:

     19:     assemblerCtor(&Asm, inputFile, outputTextFile, outputBinFile, listingFile);
     20: 
=>   21:     if (compileCommands22(&Asm)) {
     22:         assemblerDtor(&Asm);
     23:         return 1;

--------------------------------------------------
Developed with:

The Dumb Artist Library (TX Library)
TXLib [Ver: 00173a, Rev: 174, Date: 2025-08-03 17:59:06 +0400]
Copyright (C) Ded (Ilya Dedinsky, http://txlib.ru) <mail@txlib.ru>
See license on: http://txlib.ru

TXLib file:	c:\users\admin\downloads\codeblocks\mingw\include\txlib.h
Compiled:	Oct 20 2025 19:50:12, GNU g++ 4.8.1, std=201103L, MinGW Runtime 3.20, 32-bit, DEBUG
Started:	Oct 20 2025 19:50:16

Run file:	C:\Users\Admin\Desktop\Stack\EXE\assembler.exe
Directory:	C:\Users\Admin\Desktop\Stack

--------------------------------------------------

--------------------------------------------------
TXLib соболезнует...

Программа: C:\Users\Admin\Desktop\Stack\EXE\assembler.exe,

ВНЕЗАПНО: signal (11, 0x00): SIGSEGV: Доступ по неверному указателю. Ставьте ассерты! 

Нарушение доступа к памяти.

#1: Исключение EXCEPTION_ACCESS_VIOLATION (0xC0000005) при выполнении кода по адресу 0x0040340C в функции compileCommands22() в файле C:/Users/Admin/Desktop/Stack/ASSEMBLER/assemblerFunctions.cpp на строке 392. Попытка прочесть данные по адресу 0x00000004 в модуле C:\Users\Admin\Desktop\Stack\EXE\assembler.exe. Спасибо _txVectoredExceptionHandler(), что сообщил. Люблю его <3

С помощью функции signal() вы можете сами обработать эту ошибку.

#2: TXLib [Ver: 00173a, Rev: 174, Date: 2025-08-03 17:59:06 +0400], Instance: 0x005F7ADC (32-bit), Flags: Cmdre0, Thread: 0x4C70 (Main). 

--------------------------------------------------
Стек вызовов:

# 0 0x0040340C in C:\Users\Admin\Desktop\Stack\EXE\assembler.exe: compileCommands22() at C:/Users/Admin/Desktop/Stack/ASSEMBLER/assemblerFunctions.cpp:392:

    390:         struct command* searchedCommand = (struct command*)bsearch(&commandStringHash, commandsArray, NUMBER_OF_COMMANDS, sizeof(struct command), bsearchComparator);
    391: 
=>  392:         if (searchedCommand->commandCode == emptyString)
    393:             continue;
    394: 

# 1 0x00401467 in C:\Users\Admin\Desktop\Stack\EXE\assembler.exe: main() at C:/Users/Admin/Desktop/Stack/ASSEMBLER/mainAssembler.cpp:21:

     19:     assemblerCtor(&Asm, inputFile, outputTextFile, outputBinFile, listingFile);
     20: 
=>   21:     if (compileCommands22(&Asm)) {
     22:         assemblerDtor(&Asm);
     23:         return 1;

--------------------------------------------------
Developed with:

The Dumb Artist Library (TX Library)
TXLib [Ver: 00173a, Rev: 174, Date: 2025-08-03 17:59:06 +0400]
Copyright (C) Ded (Ilya Dedinsky, http://txlib.ru) <mail@txlib.ru>
See license on: http://txlib.ru

TXLib file:	c:\users\admin\downloads\codeblocks\mingw\include\txlib.h
Compiled:	Oct 20 2025 19:50:12, GNU g++ 4.8.1, std=201103L, MinGW Runtime 3.20, 32-bit, DEBUG
Started:	Oct 20 2025 19:50:16

Run file:	C:\Users\Admin\Desktop\Stack\EXE\assembler.exe
Directory:	C:\Users\Admin\Desktop\Stack

--------------------------------------------------

--------------------------------------------------
TXLib предупреждает:

Программа: C:\Users\Admin\Desktop\Stack\EXE\assembler.exe,

ВНЕЗАПНО: Нарушение доступа к памяти.

#1: Исключение EXCEPTION_ACCESS_VIOLATION (0xC0000005) при выполнении кода по адресу 0x0040340C в функции compileCommands22() в файле C:/Users/Admin/Desktop/Stack/ASSEMBLER/assemblerFunctions.cpp на строке 392. Попытка прочесть данные по адресу 0x00000004 в модуле C:\Users\Admin\Desktop\Stack\EXE\assembler.exe. Спасибо _txVectoredExceptionHandler(), что сообщил. Люблю его <3

#1: TXLib [Ver: 00173a, Rev: 174, Date: 2025-08-03 17:59:06 +0400], Instance: 0x005F7ADC (32-bit), Flags: Cmdre0, Thread: 0x1BD0 (Main). 

--------------------------------------------------
Стек вызовов:

# 0 0x0040340C in C:\Users\Admin\Desktop\Stack\EXE\assembler.exe: compileCommands22() at C:/Users/Admin/Desktop/Stack/ASSEMBLER/assemblerFunctions.cpp:392:

    390:         struct command* searchedCommand = (struct command*)bsearch(&commandStringHash, commandsArray, NUMBER_OF_COMMANDS, sizeof(struct command), bsearchComparator);
    391: 
=>  392:         if (searchedCommand->commandCode == emptyString)
    393:             continue;
    394: 

# 1 0x00401467 in C:\Users\Admin\Desktop\Stack\EXE\assembler.exe: main() at C:/Users/Admin/Desktop/Stack/ASSEMBLER/mainAssembler.cpp:21:

     19:     assemblerCtor(&Asm, inputFile, outputTextFile, outputBinFile, listingFile);
     20: 
=>   21:     if (compileCommands22(&Asm)) {
     22:         assemblerDtor(&Asm);
     23:         return 1;

--------------------------------------------------
Developed with:

The Dumb Artist Library (TX Library)
TXLib [Ver: 00173a, Rev: 174, Date: 2025-08-03 17:59:06 +0400]
Copyright (C) Ded (Ilya Dedinsky, http://txlib.ru) <mail@txlib.ru>
See license on: http://txlib.ru

TXLib file:	c:\users\admin\downloads\codeblocks\mingw\include\txlib.h
Compiled:	Oct 20 2025 19:51:18, GNU g++ 4.8.1, std=201103L, MinGW Runtime 3.20, 32-bit, DEBUG
Started:	Oct 20 2025 19:51:22

Run file:	C:\Users\Admin\Desktop\Stack\EXE\assembler.exe
Directory:	C:\Users\Admin\Desktop\Stack

--------------------------------------------------

--------------------------------------------------
TXLib соболезнует...

Программа: C:\Users\Admin\Desktop\Stack\EXE\assembler.exe,

ВНЕЗАПНО: signal (11, 0x00): SIGSEGV: Доступ по неверному указателю. Ставьте ассерты! 

Нарушение доступа к памяти.

#1: Исключение EXCEPTION_ACCESS_VIOLATION (0xC0000005) при выполнении кода по адресу 0x0040340C в функции compileCommands22() в файле C:/Users/Admin/Desktop/Stack/ASSEMBLER/assemblerFunctions.cpp на строке 392. Попытка прочесть данные по адресу 0x00000004 в модуле C:\Users\Admin\Desktop\Stack\EXE\assembler.exe. Спасибо _txVectoredExceptionHandler(), что сообщил. Люблю его <3

С помощью функции signal() вы можете сами обработать эту ошибку.

#2: TXLib [Ver: 00173a, Rev: 174, Date: 2025-08-03 17:59:06 +0400], Instance: 0x005F7ADC (32-bit), Flags: Cmdre0, Thread: 0x1BD0 (Main). 

--------------------------------------------------
Стек вызовов:

# 0 0x0040340C in C:\Users\Admin\Desktop\Stack\EXE\assembler.exe: compileCommands22() at C:/Users/Admin/Desktop/Stack/ASSEMBLER/assemblerFunctions.cpp:392:

    390:         struct command* searchedCommand = (struct command*)bsearch(&commandStringHash, commandsArray, NUMBER_OF_COMMANDS, sizeof(struct command), bsearchComparator);
    391: 
=>  392:         if (searchedCommand->commandCode == emptyString)
    393:             continue;
    394: 

# 1 0x00401467 in C:\Users\Admin\Desktop\Stack\EXE\assembler.exe: main() at C:/Users/Admin/Desktop/Stack/ASSEMBLER/mainAssembler.cpp:21:

     19:     assemblerCtor(&Asm, inputFile, outputTextFile, outputBinFile, listingFile);
     20: 
=>   21:     if (compileCommands22(&Asm)) {
     22:         assemblerDtor(&Asm);
     23:         return 1;

--------------------------------------------------
Developed with:

The Dumb Artist Library (TX Library)
TXLib [Ver: 00173a, Rev: 174, Date: 2025-08-03 17:59:06 +0400]
Copyright (C) Ded (Ilya Dedinsky, http://txlib.ru) <mail@txlib.ru>
See license on: http://txlib.ru

TXLib file:	c:\users\admin\downloads\codeblocks\mingw\include\txlib.h
Compiled:	Oct 20 2025 19:51:18, GNU g++ 4.8.1, std=201103L, MinGW Runtime 3.20, 32-bit, DEBUG
Started:	Oct 20 2025 19:51:22

Run file:	C:\Users\Admin\Desktop\Stack\EXE\assembler.exe
Directory:	C:\Users\Admin\Desktop\Stack

--------------------------------------------------

--------------------------------------------------
TXLib предупреждает:

Программа: C:\Users\Admin\Desktop\Stack\EXE\assembler.exe,

ВНЕЗАПНО: Нарушение доступа к памяти.

#1: Исключение EXCEPTION_ACCESS_VIOLATION (0xC0000005) при выполнении кода по адресу 0x00401DA9 в функции getCmdLabelArg() в файле C:/Users/Admin/Desktop/Stack/ASSEMBLER/assemblerFunctions.cpp на строке 173. Попытка прочесть данные по адресу 0x00000010 в модуле C:\Users\Admin\Desktop\Stack\EXE\assembler.exe. Спасибо _txVectoredExceptionHandler(), что сообщил. Люблю его <3

#1: TXLib [Ver: 00173a, Rev: 174, Date: 2025-08-03 17:59:06 +0400], Instance: 0x005F6ADC (32-bit), Flags: Cmdre0, Thread: 0x2F68 (Main). 

--------------------------------------------------
Стек вызовов:

# 0 0x00401DA9 in C:\Users\Admin\Desktop\Stack\EXE\assembler.exe: getCmdLabelArg() at C:/Users/Admin/Desktop/Stack/ASSEMBLER/assemblerFunctions.cpp:173:

    171:             struct stringLabel* searchedLabel = (struct stringLabel*)bsearch(&labelHash, Asm->stringLabels, NUM_OF_LABELS, sizeof(struct stringLabel), bsearchLabelComparator);
    172: 
=>  173:             (Asm->commandBuffer)[Asm->commandCounter++] = searchedLabel->labelAddress;
    174: 
    175:             //(Asm->commandBuffer)[Asm->commandCounter++] = ((Asm->stringLabels)[numOfLabel]).labelAddress;

# 1 0x0040206C in C:\Users\Admin\Desktop\Stack\EXE\assembler.exe: getCmdArg() at C:/Users/Admin/Desktop/Stack/ASSEMBLER/assemblerFunctions.cpp:230:

    228: 
    229:     if (argType == labelArg)
=>  230:         if  (getCmdLabelArg (Asm, offset, commandString))
    231:             return 1;
    232: 

# 2 0x00402C26 in C:\Users\Admin\Desktop\Stack\EXE\assembler.exe: compileCommands() at C:/Users/Admin/Desktop/Stack/ASSEMBLER/assemblerFunctions.cpp:338:

    336:         (Asm->commandBuffer)[Asm->commandCounter++] = searchedCommand->commandCode;
    337: 
=>  338:         if (getCmdArg (searchedCommand->argType, Asm, offset, commandString))
    339:             return 1;
    340: 

# 3 0x0040148E in C:\Users\Admin\Desktop\Stack\EXE\assembler.exe: main() at C:/Users/Admin/Desktop/Stack/ASSEMBLER/mainAssembler.cpp:23:

     21:     assemblerCtor(&Asm, inputFile, outputTextFile, outputBinFile, listingFile);
     22: 
=>   23:     if (compileCommands(&Asm)) {
     24:         assemblerDtor(&Asm);
     25:         return 1;

--------------------------------------------------
Developed with:

The Dumb Artist Library (TX Library)
TXLib [Ver: 00173a, Rev: 174, Date: 2025-08-03 17:59:06 +0400]
Copyright (C) Ded (Ilya Dedinsky, http://txlib.ru) <mail@txlib.ru>
See license on: http://txlib.ru

TXLib file:	c:\users\admin\downloads\codeblocks\mingw\include\txlib.h
Compiled:	Oct 22 2025 13:40:09, GNU g++ 4.8.1, std=201103L, MinGW Runtime 3.20, 32-bit, DEBUG
Started:	Oct 22 2025 13:40:13

Run file:	C:\Users\Admin\Desktop\Stack\EXE\assembler.exe
Directory:	C:\Users\Admin\Desktop\Stack

--------------------------------------------------

--------------------------------------------------
TXLib соболезнует...

Программа: C:\Users\Admin\Desktop\Stack\EXE\assembler.exe,

ВНЕЗАПНО: signal (11, 0x00): SIGSEGV: Доступ по неверному указателю. Ставьте ассерты! 

Нарушение доступа к памяти.

#1: Исключение EXCEPTION_ACCESS_VIOLATION (0xC0000005) при выполнении кода по адресу 0x00401DA9 в функции getCmdLabelArg() в файле C:/Users/Admin/Desktop/Stack/ASSEMBLER/assemblerFunctions.cpp на строке 173. Попытка прочесть данные по адресу 0x00000010 в модуле C:\Users\Admin\Desktop\Stack\EXE\assembler.exe. Спасибо _txVectoredExceptionHandler(), что сообщил. Люблю его <3

С помощью функции signal() вы можете сами обработать эту ошибку.

#2: TXLib [Ver: 00173a, Rev: 174, Date: 2025-08-03 17:59:06 +0400], Instance: 0x005F6ADC (32-bit), Flags: Cmdre0, Thread: 0x2F68 (Main). 

--------------------------------------------------
Стек вызовов:

# 0 0x00401DA9 in C:\Users\Admin\Desktop\Stack\EXE\assembler.exe: getCmdLabelArg() at C:/Users/Admin/Desktop/Stack/ASSEMBLER/assemblerFunctions.cpp:173:

    171:             struct stringLabel* searchedLabel = (struct stringLabel*)bsearch(&labelHash, Asm->stringLabels, NUM_OF_LABELS, sizeof(struct stringLabel), bsearchLabelComparator);
    172: 
=>  173:             (Asm->commandBuffer)[Asm->commandCounter++] = searchedLabel->labelAddress;
    174: 
    175:             //(Asm->commandBuffer)[Asm->commandCounter++] = ((Asm->stringLabels)[numOfLabel]).labelAddress;

# 1 0x0040206C in C:\Users\Admin\Desktop\Stack\EXE\assembler.exe: getCmdArg() at C:/Users/Admin/Desktop/Stack/ASSEMBLER/assemblerFunctions.cpp:230:

    228: 
    229:     if (argType == labelArg)
=>  230:         if  (getCmdLabelArg (Asm, offset, commandString))
    231:             return 1;
    232: 

# 2 0x00402C26 in C:\Users\Admin\Desktop\Stack\EXE\assembler.exe: compileCommands() at C:/Users/Admin/Desktop/Stack/ASSEMBLER/assemblerFunctions.cpp:338:

    336:         (Asm->commandBuffer)[Asm->commandCounter++] = searchedCommand->commandCode;
    337: 
=>  338:         if (getCmdArg (searchedCommand->argType, Asm, offset, commandString))
    339:             return 1;
    340: 

# 3 0x0040148E in C:\Users\Admin\Desktop\Stack\EXE\assembler.exe: main() at C:/Users/Admin/Desktop/Stack/ASSEMBLER/mainAssembler.cpp:23:

     21:     assemblerCtor(&Asm, inputFile, outputTextFile, outputBinFile, listingFile);
     22: 
=>   23:     if (compileCommands(&Asm)) {
     24:         assemblerDtor(&Asm);
     25:         return 1;

--------------------------------------------------
Developed with:

The Dumb Artist Library (TX Library)
TXLib [Ver: 00173a, Rev: 174, Date: 2025-08-03 17:59:06 +0400]
Copyright (C) Ded (Ilya Dedinsky, http://txlib.ru) <mail@txlib.ru>
See license on: http://txlib.ru

TXLib file:	c:\users\admin\downloads\codeblocks\mingw\include\txlib.h
Compiled:	Oct 22 2025 13:40:09, GNU g++ 4.8.1, std=201103L, MinGW Runtime 3.20, 32-bit, DEBUG
Started:	Oct 22 2025 13:40:13

Run file:	C:\Users\Admin\Desktop\Stack\EXE\assembler.exe
Directory:	C:\Users\Admin\Desktop\Stack

--------------------------------------------------

--------------------------------------------------
TXLib предупреждает:

Программа: C:\Users\Admin\Desktop\prodva\Stack\EXE\assembler.exe,

ВНЕЗАПНО: Нарушение доступа к памяти.

#1: Исключение EXCEPTION_ACCESS_VIOLATION (0xC0000005) при выполнении кода по адресу 0x00007FF8F3E2D0A8 в функции strcmp(). Попытка прочесть данные по адресу 0x00007FF69C003165 в модуле C:\WINDOWS\System32\ucrtbase.dll. Спасибо _txVectoredExceptionHandler(), что сообщил. Люблю его <3

#1: TXLib [Ver: 00173a, Rev: 174, Date: 2025-08-17 06:00:49 +0400], Instance: 0x00007FF69C867870 (64-bit), Flags: Cmdre0, Thread: 0x69D0 (Main). 

--------------------------------------------------
Стек вызовов:

# 0 0x00007FF8F3E2D0A8 in C:\WINDOWS\System32\ucrtbase.dll: strcmp()

# 2 0x00007FF69C713241 in C:\Users\Admin\Desktop\prodva\Stack\EXE\assembler.exe: compileCommands() at C:/Users/Admin/Desktop/prodva/Stack/ASSEMBLER/assemblerFunctions.cpp:326:

    324:         struct command* searchedCommand = (struct command*)bsearch(&commandStringHash, commandsArray, NUMBER_OF_COMMANDS, sizeof(struct command), bsearchCmdComparator);
    325: 
=>  326:         if (badCommand (searchedCommand, commandString, Asm))
    327:             return 1;
    328: 

# 3 0x00007FF69C7117AB in C:\Users\Admin\Desktop\prodva\Stack\EXE\assembler.exe: main() at C:/Users/Admin/Desktop/prodva/Stack/ASSEMBLER/mainAssembler.cpp:23:

     21:     assemblerCtor(&Asm, inputFile, outputTextFile, outputBinFile, listingFile);
     22: 
=>   23:     if (compileCommands(&Asm)) {
     24:         assemblerDtor(&Asm);
     25:         return 1;

--------------------------------------------------
Developed with:

The Dumb Artist Library (TX Library)
TXLib [Ver: 00173a, Rev: 174, Date: 2025-08-17 06:00:49 +0400]
Copyright (C) Ded (Ilya Dedinsky, http://txlib.ru) <mail@txlib.ru>
See license on: http://txlib.ru

TXLib file:	C:\Users\Admin\Downloads\CodeBlocks\TX\TXLib.h
Compiled:	Dec 13 2025 00:11:15, GNU g++ 13.2.0, std=201703L, MinGW-W64 Runtime 11.0.1 (alpha - rev. 0) 0000-00-00, 64-bit, DEBUG
Started:	Dec 13 2025 00:11:24

Run file:	C:\Users\Admin\Desktop\prodva\Stack\EXE\assembler.exe
Directory:	C:\Users\Admin\Desktop\prodva\Stack

--------------------------------------------------

--------------------------------------------------
TXLib соболезнует...

Программа: C:\Users\Admin\Desktop\prodva\Stack\EXE\assembler.exe,

ВНЕЗАПНО: signal (11, 0x00): SIGSEGV: Доступ по неверному указателю. Ставьте ассерты! 

Нарушение доступа к памяти.

#1: Исключение EXCEPTION_ACCESS_VIOLATION (0xC0000005) при выполнении кода по адресу 0x00007FF8F3E2D0A8 в функции strcmp(). Попытка прочесть данные по адресу 0x00007FF69C003165 в модуле C:\WINDOWS\System32\ucrtbase.dll. Спасибо _txVectoredExceptionHandler(), что сообщил. Люблю его <3

С помощью функции signal() вы можете сами обработать эту ошибку.

#2: TXLib [Ver: 00173a, Rev: 174, Date: 2025-08-17 06:00:49 +0400], Instance: 0x00007FF69C867870 (64-bit), Flags: Cmdre0, Thread: 0x69D0 (Main). 

--------------------------------------------------
Стек вызовов:

# 0 0x00007FF8F3E2D0A8 in C:\WINDOWS\System32\ucrtbase.dll: strcmp()

# 2 0x00007FF69C713241 in C:\Users\Admin\Desktop\prodva\Stack\EXE\assembler.exe: compileCommands() at C:/Users/Admin/Desktop/prodva/Stack/ASSEMBLER/assemblerFunctions.cpp:326:

    324:         struct command* searchedCommand = (struct command*)bsearch(&commandStringHash, commandsArray, NUMBER_OF_COMMANDS, sizeof(struct command), bsearchCmdComparator);
    325: 
=>  326:         if (badCommand (searchedCommand, commandString, Asm))
    327:             return 1;
    328: 

# 3 0x00007FF69C7117AB in C:\Users\Admin\Desktop\prodva\Stack\EXE\assembler.exe: main() at C:/Users/Admin/Desktop/prodva/Stack/ASSEMBLER/mainAssembler.cpp:23:

     21:     assemblerCtor(&Asm, inputFile, outputTextFile, outputBinFile, listingFile);
     22: 
=>   23:     if (compileCommands(&Asm)) {
     24:         assemblerDtor(&Asm);
     25:         return 1;

--------------------------------------------------
Developed with:

The Dumb Artist Library (TX Library)
TXLib [Ver: 00173a, Rev: 174, Date: 2025-08-17 06:00:49 +0400]
Copyright (C) Ded (Ilya Dedinsky, http://txlib.ru) <mail@txlib.ru>
See license on: http://txlib.ru

TXLib file:	C:\Users\Admin\Downloads\CodeBlocks\TX\TXLib.h
Compiled:	Dec 13 2025 00:11:15, GNU g++ 13.2.0, std=201703L, MinGW-W64 Runtime 11.0.1 (alpha - rev. 0) 0000-00-00, 64-bit, DEBUG
Started:	Dec 13 2025 00:11:25

Run file:	C:\Users\Admin\Desktop\prodva\Stack\EXE\assembler.exe
Directory:	C:\Users\Admin\Desktop\prodva\Stack

--------------------------------------------------

--------------------------------------------------
TXLib предупреждает:

Программа: C:\Users\Admin\Desktop\prodva\Stack\EXE\assembler.exe,

ВНЕЗАПНО: Нарушение доступа к памяти.

#1: Исключение EXCEPTION_ACCESS_VIOLATION (0xC0000005) при выполнении кода по адресу 0x00007FF8F3E2D0A8 в функции strcmp(). Попытка прочесть данные по адресу 0x00007FF69C003165 в модуле C:\WINDOWS\System32\ucrtbase.dll. Спасибо _txVectoredExceptionHandler(), что сообщил. Люблю его <3

#1: TXLib [Ver: 00173a, Rev: 174, Date: 2025-08-17 06:00:49 +0400], Instance: 0x00007FF69C867870 (64-bit), Flags: Cmdre0, Thread: 0x4E24 (Main). 

--------------------------------------------------
Стек вызовов:

# 0 0x00007FF8F3E2D0A8 in C:\WINDOWS\System32\ucrtbase.dll: strcmp()

# 2 0x00007FF69C713241 in C:\Users\Admin\Desktop\prodva\Stack\EXE\assembler.exe: compileCommands() at C:/Users/Admin/Desktop/prodva/Stack/ASSEMBLER/assemblerFunctions.cpp:326:

    324:         struct command* searchedCommand = (struct command*)bsearch(&commandStringHash, commandsArray, NUMBER_OF_COMMANDS, sizeof(struct command), bsearchCmdComparator);
    325: 
=>  326:         if (badCommand (searchedCommand, commandString, Asm))
    327:             return 1;
    328: 

# 3 0x00007FF69C7117AB in C:\Users\Admin\Desktop\prodva\Stack\EXE\assembler.exe: main() at C:/Users/Admin/Desktop/prodva/Stack/ASSEMBLER/mainAssembler.cpp:23:

     21:     assemblerCtor(&Asm, inputFile, outputTextFile, outputBinFile, listingFile);
     22: 
=>   23:     if (compileCommands(&Asm)) {
     24:         assemblerDtor(&Asm);
     25:         return 1;

--------------------------------------------------
Developed with:

The Dumb Artist Library (TX Library)
TXLib [Ver: 00173a, Rev: 174, Date: 2025-08-17 06:00:49 +0400]
Copyright (C) Ded (Ilya Dedinsky, http://txlib.ru) <mail@txlib.ru>
See license on: http://txlib.ru

TXLib file:	C:\Users\Admin\Downloads\CodeBlocks\TX\TXLib.h
Compiled:	Dec 13 2025 00:11:15, GNU g++ 13.2.0, std=201703L, MinGW-W64 Runtime 11.0.1 (alpha - rev. 0) 0000-00-00, 64-bit, DEBUG
Started:	Dec 13 2025 00:23:56

Run file:	C:\Users\Admin\Desktop\prodva\Stack\EXE\assembler.exe
Directory:	C:\Users\Admin\Desktop\prodva\Stack

--------------------------------------------------

--------------------------------------------------
TXLib соболезнует...

Программа: C:\Users\Admin\Desktop\prodva\Stack\EXE\assembler.exe,

ВНЕЗАПНО: signal (11, 0x00): SIGSEGV: Доступ по неверному указателю. Ставьте ассерты! 

Нарушение доступа к памяти.

#1: Исключение EXCEPTION_ACCESS_VIOLATION (0xC0000005) при выполнении кода по адресу 0x00007FF8F3E2D0A8 в функции strcmp(). Попытка прочесть данные по адресу 0x00007FF69C003165 в модуле C:\WINDOWS\System32\ucrtbase.dll. Спасибо _txVectoredExceptionHandler(), что сообщил. Люблю его <3

С помощью функции signal() вы можете сами обработать эту ошибку.

#2: TXLib [Ver: 00173a, Rev: 174, Date: 2025-08-17 06:00:49 +0400], Instance: 0x00007FF69C867870 (64-bit), Flags: Cmdre0, Thread: 0x4E24 (Main). 

--------------------------------------------------
Стек вызовов:

# 0 0x00007FF8F3E2D0A8 in C:\WINDOWS\System32\ucrtbase.dll: strcmp()

# 2 0x00007FF69C713241 in C:\Users\Admin\Desktop\prodva\Stack\EXE\assembler.exe: compileCommands() at C:/Users/Admin/Desktop/prodva/Stack/ASSEMBLER/assemblerFunctions.cpp:326:

    324:         struct command* searchedCommand = (struct command*)bsearch(&commandStringHash, commandsArray, NUMBER_OF_COMMANDS, sizeof(struct command), bsearchCmdComparator);
    325: 
=>  326:         if (badCommand (searchedCommand, commandString, Asm))
    327:             return 1;
    328: 

# 3 0x00007FF69C7117AB in C:\Users\Admin\Desktop\prodva\Stack\EXE\assembler.exe: main() at C:/Users/Admin/Desktop/prodva/Stack/ASSEMBLER/mainAssembler.cpp:23:

     21:     assemblerCtor(&Asm, inputFile, outputTextFile, outputBinFile, listingFile);
     22: 
=>   23:     if (compileCommands(&Asm)) {
     24:         assemblerDtor(&Asm);
     25:         return 1;

--------------------------------------------------
Developed with:

The Dumb Artist Library (TX Library)
TXLib [Ver: 00173a, Rev: 174, Date: 2025-08-17 06:00:49 +0400]
Copyright (C) Ded (Ilya Dedinsky, http://txlib.ru) <mail@txlib.ru>
See license on: http://txlib.ru

TXLib file:	C:\Users\Admin\Downloads\CodeBlocks\TX\TXLib.h
Compiled:	Dec 13 2025 00:11:15, GNU g++ 13.2.0, std=201703L, MinGW-W64 Runtime 11.0.1 (alpha - rev. 0) 0000-00-00, 64-bit, DEBUG
Started:	Dec 13 2025 00:23:56

Run file:	C:\Users\Admin\Desktop\prodva\Stack\EXE\assembler.exe
Directory:	C:\Users\Admin\Desktop\prodva\Stack

--------------------------------------------------

--------------------------------------------------
TXLib предупреждает:

Программа: C:\Users\Admin\Desktop\prodva\Stack\EXE\assembler.exe,

ВНЕЗАПНО: Нарушение доступа к памяти.

#1: Исключение EXCEPTION_ACCESS_VIOLATION (0xC0000005) при выполнении кода по адресу 0x00007FF8F3E2D0A8 в функции strcmp(). Попытка прочесть данные по адресу 0x00007FF6F0003165 в модуле C:\WINDOWS\System32\ucrtbase.dll. Спасибо _txVectoredExceptionHandler(), что сообщил. Люблю его <3

#1: TXLib [Ver: 00173a, Rev: 174, Date: 2025-08-17 06:00:49 +0400], Instance: 0x00007FF6F0937870 (64-bit), Flags: Cmdre0, Thread: 0x3E8 (Main). 

--------------------------------------------------
Стек вызовов:

# 0 0x00007FF8F3E2D0A8 in C:\WINDOWS\System32\ucrtbase.dll: strcmp()

# 2 0x00007FF6F07E324A in C:\Users\Admin\Desktop\prodva\Stack\EXE\assembler.exe: compileCommands() at C:/Users/Admin/Desktop/prodva/Stack/ASSEMBLER/assemblerFunctions.cpp:326:

    324:         struct command* searchedCommand = (struct command*)bsearch(&commandStringHash, commandsArray, NUMBER_OF_COMMANDS, sizeof(struct command), bsearchCmdComparator);
    325: 
=>  326:         if (badCommand (searchedCommand, commandString, Asm))
    327:             return 1;
    328: 

# 3 0x00007FF6F07E17B1 in C:\Users\Admin\Desktop\prodva\Stack\EXE\assembler.exe: main() at C:/Users/Admin/Desktop/prodva/Stack/ASSEMBLER/mainAssembler.cpp:23:

     21:     assemblerCtor(&Asm, inputFile, outputTextFile, outputBinFile, listingFile);
     22: 
=>   23:     if (compileCommands(&Asm)) {
     24:         assemblerDtor(&Asm);
     25:         return 1;

--------------------------------------------------
Developed with:

The Dumb Artist Library (TX Library)
TXLib [Ver: 00173a, Rev: 174, Date: 2025-08-17 06:00:49 +0400]
Copyright (C) Ded (Ilya Dedinsky, http://txlib.ru) <mail@txlib.ru>
See license on: http://txlib.ru

TXLib file:	C:\Users\Admin\Downloads\CodeBlocks\TX\TXLib.h
Compiled:	Dec 13 2025 00:27:12, GNU g++ 13.2.0, std=201703L, MinGW-W64 Runtime 11.0.1 (alpha - rev. 0) 0000-00-00, 64-bit, DEBUG
Started:	Dec 13 2025 00:27:20

Run file:	C:\Users\Admin\Desktop\prodva\Stack\EXE\assembler.exe
Directory:	C:\Users\Admin\Desktop\prodva\Stack

--------------------------------------------------

--------------------------------------------------
TXLib соболезнует...

Программа: C:\Users\Admin\Desktop\prodva\Stack\EXE\assembler.exe,

ВНЕЗАПНО: signal (11, 0x00): SIGSEGV: Доступ по неверному указателю. Ставьте ассерты! 

Нарушение доступа к памяти.

#1: Исключение EXCEPTION_ACCESS_VIOLATION (0xC0000005) при выполнении кода по адресу 0x00007FF8F3E2D0A8 в функции strcmp(). Попытка прочесть данные по адресу 0x00007FF6F0003165 в модуле C:\WINDOWS\System32\ucrtbase.dll. Спасибо _txVectoredExceptionHandler(), что сообщил. Люблю его <3

С помощью функции signal() вы можете сами обработать эту ошибку.

#2: TXLib [Ver: 00173a, Rev: 174, Date: 2025-08-17 06:00:49 +0400], Instance: 0x00007FF6F0937870 (64-bit), Flags: Cmdre0, Thread: 0x3E8 (Main). 

--------------------------------------------------
Стек вызовов:

# 0 0x00007FF8F3E2D0A8 in C:\WINDOWS\System32\ucrtbase.dll: strcmp()

# 2 0x00007FF6F07E324A in C:\Users\Admin\Desktop\prodva\Stack\EXE\assembler.exe: compileCommands() at C:/Users/Admin/Desktop/prodva/Stack/ASSEMBLER/assemblerFunctions.cpp:326:

    324:         struct command* searchedCommand = (struct command*)bsearch(&commandStringHash, commandsArray, NUMBER_OF_COMMANDS, sizeof(struct command), bsearchCmdComparator);
    325: 
=>  326:         if (badCommand (searchedCommand, commandString, Asm))
    327:             return 1;
    328: 

# 3 0x00007FF6F07E17B1 in C:\Users\Admin\Desktop\prodva\Stack\EXE\assembler.exe: main() at C:/Users/Admin/Desktop/prodva/Stack/ASSEMBLER/mainAssembler.cpp:23:

     21:     assemblerCtor(&Asm, inputFile, outputTextFile, outputBinFile, listingFile);
     22: 
=>   23:     if (compileCommands(&Asm)) {
     24:         assemblerDtor(&Asm);
     25:         return 1;

--------------------------------------------------
Developed with:

The Dumb Artist Library (TX Library)
TXLib [Ver: 00173a, Rev: 174, Date: 2025-08-17 06:00:49 +0400]
Copyright (C) Ded (Ilya Dedinsky, http://txlib.ru) <mail@txlib.ru>
See license on: http://txlib.ru

TXLib file:	C:\Users\Admin\Downloads\CodeBlocks\TX\TXLib.h
Compiled:	Dec 13 2025 00:27:12, GNU g++ 13.2.0, std=201703L, MinGW-W64 Runtime 11.0.1 (alpha - rev. 0) 0000-00-00, 64-bit, DEBUG
Started:	Dec 13 2025 00:27:20

Run file:	C:\Users\Admin\Desktop\prodva\Stack\EXE\assembler.exe
Directory:	C:\Users\Admin\Desktop\prodva\Stack

--------------------------------------------------

--------------------------------------------------
TXLib соболезнует...

Программа: C:\Users\Admin\Desktop\prodva\Stack\EXE\assembler.exe,

ВНЕЗАПНО: signal (22, 0x00): SIGABRT: Аварийное завершение программы, вызвана функция abort(). 

С помощью функции signal() вы можете сами обработать эту ошибку.

#1: TXLib [Ver: 00173a, Rev: 174, Date: 2025-08-17 06:00:49 +0400], Instance: 0x00007FF634E67870 (64-bit), Flags: Cmdre0, Thread: 0x41AC (Main), GetLastError(): 3 (РЎРёСЃС‚РµРјРµ РЅРµ СѓРґР°РµС‚СЃСЏ РЅР°Р№С‚Рё СѓРєР°Р·Р°РЅРЅС‹Р№ РїСѓС‚СЊ), errno: 2 (No such file or directory), _doserrno: 3 (No such process). 

--------------------------------------------------
Стек вызовов:

# 0 0x00007FF634D892AC in C:\Users\Admin\Desktop\prodva\Stack\EXE\assembler.exe: (anonymous namespace)::TX::_txError() at C:/Users/Admin/Downloads/CodeBlocks/TX/TXLib.h:11090
# 1 0x00007FF634D89814 in C:\Users\Admin\Desktop\prodva\Stack\EXE\assembler.exe: (anonymous namespace)::TX::_txOnSignal() at C:/Users/Admin/Downloads/CodeBlocks/TX/TXLib.h:11171
# 2 0x00007FFA66BD1989 in C:\WINDOWS\System32\ucrtbase.dll: raise()
# 3 0x00007FFA66BB4AB1 in C:\WINDOWS\System32\ucrtbase.dll: abort()
# 4 0x00007FFA66B71049 in C:\WINDOWS\System32\ucrtbase.dll: isctype_l()
# 5 0x00007FFA66BD2AE1 in C:\WINDOWS\System32\ucrtbase.dll: assert()

# 6 0x00007FF634D139CF in C:\Users\Admin\Desktop\prodva\Stack\EXE\assembler.exe: getStructComands() at C:/Users/Admin/Desktop/prodva/Stack/ASSEMBLER/textTools.cpp:48:

     46: 
     47:     char* buffer = copyFileContent(structAddress, fileName);
=>   48:     assert(buffer);
     49: 
     50:     size_t numberOfStrings    = getNumberOfSymbols(buffer, '\n');

# 7 0x00007FF634D119AF in C:\Users\Admin\Desktop\prodva\Stack\EXE\assembler.exe: assemblerCtor() at C:/Users/Admin/Desktop/prodva/Stack/ASSEMBLER/assemblerFunctions.cpp:30:

     28:     }
     29: 
=>   30:     getStructComands (&(Asm->cmds), inputFile);
     31:     Asm->numOfLine = 0;
     32: 

# 8 0x00007FF634D117A5 in C:\Users\Admin\Desktop\prodva\Stack\EXE\assembler.exe: main() at C:/Users/Admin/Desktop/prodva/Stack/ASSEMBLER/mainAssembler.cpp:21:

     19:     struct assembler Asm = {};
     20: 
=>   21:     assemblerCtor(&Asm, inputFile, outputTextFile, outputBinFile, listingFile);
     22: 
     23:     if (compileCommands(&Asm)) {

--------------------------------------------------
Developed with:

The Dumb Artist Library (TX Library)
TXLib [Ver: 00173a, Rev: 174, Date: 2025-08-17 06:00:49 +0400]
Copyright (C) Ded (Ilya Dedinsky, http://txlib.ru) <mail@txlib.ru>
See license on: http://txlib.ru

TXLib file:	C:\Users\Admin\Downloads\CodeBlocks\TX\TXLib.h
Compiled:	Dec 14 2025 13:33:14, GNU g++ 13.2.0, std=201703L, MinGW-W64 Runtime 11.0.1 (alpha - rev. 0) 0000-00-00, 64-bit, DEBUG
Started:	Feb  8 2026 16:11:59

Run file:	C:\Users\Admin\Desktop\prodva\Stack\EXE\assembler.exe
Directory:	C:\Users\Admin\Desktop\prodva\Stack

--------------------------------------------------

--------------------------------------------------
TXLib соболезнует...

Программа: C:\Users\Admin\Desktop\prodva\Stack\EXE\assembler.exe,

ВНЕЗАПНО: signal (22, 0x00): SIGABRT: Аварийное завершение программы, вызвана функция abort(). 

С помощью функции signal() вы можете сами обработать эту ошибку.

#1: TXLib [Ver: 00173a, Rev: 174, Date: 2025-08-17 06:00:49 +0400], Instance: 0x00007FF634E67870 (64-bit), Flags: Cmdre0, Thread: 0x561C (Main), GetLastError(): 53 (РќРµ РЅР°Р№РґРµРЅ СЃРµС‚РµРІРѕР№ РїСѓС‚СЊ), errno: 2 (No such file or directory), _doserrno: 53 (Unknown error). 

--------------------------------------------------
Стек вызовов:

# 0 0x00007FF634D892AC in C:\Users\Admin\Desktop\prodva\Stack\EXE\assembler.exe: (anonymous namespace)::TX::_txError() at C:/Users/Admin/Downloads/CodeBlocks/TX/TXLib.h:11090
# 1 0x00007FF634D89814 in C:\Users\Admin\Desktop\prodva\Stack\EXE\assembler.exe: (anonymous namespace)::TX::_txOnSignal() at C:/Users/Admin/Downloads/CodeBlocks/TX/TXLib.h:11171
# 2 0x00007FFA66BD1989 in C:\WINDOWS\System32\ucrtbase.dll: raise()
# 3 0x00007FFA66BB4AB1 in C:\WINDOWS\System32\ucrtbase.dll: abort()
# 4 0x00007FFA66B71049 in C:\WINDOWS\System32\ucrtbase.dll: isctype_l()
# 5 0x00007FFA66BD2AE1 in C:\WINDOWS\System32\ucrtbase.dll: assert()

# 6 0x00007FF634D139CF in C:\Users\Admin\Desktop\prodva\Stack\EXE\assembler.exe: getStructComands() at C:/Users/Admin/Desktop/prodva/Stack/ASSEMBLER/textTools.cpp:48:

     46: 
     47:     char* buffer = copyFileContent(structAddress, fileName);
=>   48:     assert(buffer);
     49: 
     50:     size_t numberOfStrings    = getNumberOfSymbols(buffer, '\n');

# 7 0x00007FF634D119AF in C:\Users\Admin\Desktop\prodva\Stack\EXE\assembler.exe: assemblerCtor() at C:/Users/Admin/Desktop/prodva/Stack/ASSEMBLER/assemblerFunctions.cpp:30:

     28:     }
     29: 
=>   30:     getStructComands (&(Asm->cmds), inputFile);
     31:     Asm->numOfLine = 0;
     32: 

# 8 0x00007FF634D117A5 in C:\Users\Admin\Desktop\prodva\Stack\EXE\assembler.exe: main() at C:/Users/Admin/Desktop/prodva/Stack/ASSEMBLER/mainAssembler.cpp:21:

     19:     struct assembler Asm = {};
     20: 
=>   21:     assemblerCtor(&Asm, inputFile, outputTextFile, outputBinFile, listingFile);
     22: 
     23:     if (compileCommands(&Asm)) {

--------------------------------------------------
Developed with:

The Dumb Artist Library (TX Library)
TXLib [Ver: 00173a, Rev: 174, Date: 2025-08-17 06:00:49 +0400]
Copyright (C) Ded (Ilya Dedinsky, http://txlib.ru) <mail@txlib.ru>
See license on: http://txlib.ru

TXLib file:	C:\Users\Admin\Downloads\CodeBlocks\TX\TXLib.h
Compiled:	Dec 14 2025 13:33:14, GNU g++ 13.2.0, std=201703L, MinGW-W64 Runtime 11.0.1 (alpha - rev. 0) 0000-00-00, 64-bit, DEBUG
Started:	Feb  8 2026 16:12:38

Run file:	C:\Users\Admin\Desktop\prodva\Stack\EXE\assembler.exe
Directory:	C:\Users\Admin\Desktop\prodva\Stack

--------------------------------------------------
